  [1m[35m (1.2ms)[0m  [1m[34mSELECT VERSION()[0m
  [1m[35m (56.9ms)[0m  [1m[35mCREATE TABLE "schema_migrations" ("version" character varying NOT NULL PRIMARY KEY)[0m
  [1m[35m (25.9ms)[0m  [1m[35mCREATE TABLE "ar_internal_metadata" ("key" character varying NOT NULL PRIMARY KEY, "value" character varying, "created_at" timestamp NOT NULL, "updated_at" timestamp NOT NULL)[0m
  [1m[35m (1.1ms)[0m  [1m[34mSELECT pg_try_advisory_lock(6005360597699066835)[0m
  [1m[35m (18.0ms)[0m  [1m[34mSELECT "schema_migrations"."version" FROM "schema_migrations" ORDER BY "schema_migrations"."version" ASC[0m
Migrating to DeviseTokenAuthCreateUsers (20171017210750)
  [1m[35m (0.7ms)[0m  [1m[35mBEGIN[0m
  [1m[35m (72.9ms)[0m  [1m[35mCREATE TABLE "users" ("id" bigserial primary key, "provider" character varying DEFAULT 'email' NOT NULL, "uid" character varying DEFAULT '' NOT NULL, "encrypted_password" character varying DEFAULT '' NOT NULL, "reset_password_token" character varying, "reset_password_sent_at" timestamp, "remember_created_at" timestamp, "sign_in_count" integer DEFAULT 0 NOT NULL, "current_sign_in_at" timestamp, "last_sign_in_at" timestamp, "current_sign_in_ip" character varying, "last_sign_in_ip" character varying, "confirmation_token" character varying, "confirmed_at" timestamp, "confirmation_sent_at" timestamp, "unconfirmed_email" character varying, "name" character varying, "nickname" character varying, "image" character varying, "email" character varying, "tokens" json, "created_at" timestamp NOT NULL, "updated_at" timestamp NOT NULL)[0m
  [1m[35m (21.8ms)[0m  [1m[35mCREATE UNIQUE INDEX  "index_users_on_email" ON "users"  ("email")[0m
  [1m[35m (18.4ms)[0m  [1m[35mCREATE UNIQUE INDEX  "index_users_on_uid_and_provider" ON "users"  ("uid", "provider")[0m
  [1m[35m (19.9ms)[0m  [1m[35mCREATE UNIQUE INDEX  "index_users_on_reset_password_token" ON "users"  ("reset_password_token")[0m
  [1m[35m (3.4ms)[0m  [1m[35mCREATE UNIQUE INDEX  "index_users_on_confirmation_token" ON "users"  ("confirmation_token")[0m
  [1m[35mSQL (4.7ms)[0m  [1m[32mINSERT INTO "schema_migrations" ("version") VALUES ($1) RETURNING "version"[0m  [["version", "20171017210750"]]
  [1m[35m (2.7ms)[0m  [1m[35mCOMMIT[0m
  [1m[36mActiveRecord::InternalMetadata Load (14.3ms)[0m  [1m[34mSELECT  "ar_internal_metadata".* FROM "ar_internal_metadata" WHERE "ar_internal_metadata"."key" = $1 LIMIT $2[0m  [["key", "environment"], ["LIMIT", 1]]
  [1m[35m (13.7ms)[0m  [1m[35mBEGIN[0m
  [1m[35mSQL (3.1ms)[0m  [1m[32mINSERT INTO "ar_internal_metadata" ("key", "value", "created_at", "updated_at") VALUES ($1, $2, $3, $4) RETURNING "key"[0m  [["key", "environment"], ["value", "development"], ["created_at", "2017-10-17 21:12:15.750823"], ["updated_at", "2017-10-17 21:12:15.750823"]]
  [1m[35m (1.8ms)[0m  [1m[35mCOMMIT[0m
  [1m[35m (13.9ms)[0m  [1m[34mSELECT pg_advisory_unlock(6005360597699066835)[0m
  [1m[35m (1.5ms)[0m  [1m[34mSELECT "schema_migrations"."version" FROM "schema_migrations" ORDER BY "schema_migrations"."version" ASC[0m
Started POST "/auth/sign_in" for 127.0.0.1 at 2017-10-18 09:17:31 -0500
  [1m[35m (5.9ms)[0m  [1m[34mSELECT "schema_migrations"."version" FROM "schema_migrations" ORDER BY "schema_migrations"."version" ASC[0m
Processing by DeviseTokenAuth::SessionsController#create as JSON
  Parameters: {"email"=>"test@test.com", "password"=>"[FILTERED]", "session"=>{"email"=>"test@test.com", "password"=>"[FILTERED]"}}
Unpermitted parameter: :session
Unpermitted parameter: :session
  [1m[36mUser Load (14.5ms)[0m  [1m[34mSELECT  "users".* FROM "users" WHERE (email = 'test@test.com' AND provider='email') ORDER BY "users"."id" ASC LIMIT $1[0m  [["LIMIT", 1]]
Completed 401 Unauthorized in 334ms (Views: 1.2ms | ActiveRecord: 34.5ms)


  [1m[36mUser Load (1.3ms)[0m  [1m[34mSELECT  "users".* FROM "users" LIMIT $1[0m  [["LIMIT", 11]]
  [1m[35m (0.3ms)[0m  [1m[35mBEGIN[0m
  [1m[36mUser Exists (1.7ms)[0m  [1m[34mSELECT  1 AS one FROM "users" WHERE "users"."email" = $1 LIMIT $2[0m  [["email", "test@test.com"], ["LIMIT", 1]]
  [1m[35m (0.9ms)[0m  [1m[34mSELECT COUNT(*) FROM "users" WHERE "users"."provider" = $1 AND "users"."email" = $2[0m  [["provider", "email"], ["email", "test@test.com"]]
  [1m[35mSQL (2.0ms)[0m  [1m[32mINSERT INTO "users" ("uid", "encrypted_password", "name", "nickname", "email", "tokens", "created_at", "updated_at") VALUES ($1, $2, $3, $4, $5, $6, $7, $8) RETURNING "id"[0m  [["uid", "test@test.com"], ["encrypted_password", "$2a$10$yxOoDHTmHwAIEVTefCcp1.LmnFfJppjgSM8378.v6UniwHlRBVMAS"], ["name", "Test"], ["nickname", "test1"], ["email", "test@test.com"], ["tokens", "{}"], ["created_at", "2017-10-18 14:22:04.388502"], ["updated_at", "2017-10-18 14:22:04.388502"]]
  [1m[35m (1.7ms)[0m  [1m[35mCOMMIT[0m
Started POST "/auth/sign_in" for 127.0.0.1 at 2017-10-18 09:32:21 -0500
  [1m[35m (4.8ms)[0m  [1m[34mSELECT "schema_migrations"."version" FROM "schema_migrations" ORDER BY "schema_migrations"."version" ASC[0m
Processing by DeviseTokenAuth::SessionsController#create as JSON
  Parameters: {"email"=>"test@test.com", "password"=>"[FILTERED]", "session"=>{"email"=>"test@test.com", "password"=>"[FILTERED]"}}
Unpermitted parameter: :session
Unpermitted parameter: :session
  [1m[36mUser Load (7.1ms)[0m  [1m[34mSELECT  "users".* FROM "users" WHERE (email = 'test@test.com' AND provider='email') ORDER BY "users"."id" ASC LIMIT $1[0m  [["LIMIT", 1]]
Unpermitted parameter: :session
Unpermitted parameter: :session
  [1m[35m (0.7ms)[0m  [1m[35mBEGIN[0m
  [1m[35mSQL (2.1ms)[0m  [1m[33mUPDATE "users" SET "tokens" = $1, "updated_at" = $2 WHERE "users"."id" = $3[0m  [["tokens", "{\"Nwyp4MsGGumt9exyvkc0IA\":{\"token\":\"$2a$10$..NsnjlCHz.aF9KAJ5PuAO7XeYykvW51ALlCizT7MOpepPUaoTSIi\",\"expiry\":1509546743}}"], ["updated_at", "2017-10-18 14:32:23.782457"], ["id", 1]]
  [1m[35m (32.7ms)[0m  [1m[35mCOMMIT[0m
  [1m[35m (0.9ms)[0m  [1m[35mBEGIN[0m
  [1m[35mSQL (1.8ms)[0m  [1m[33mUPDATE "users" SET "sign_in_count" = $1, "current_sign_in_at" = $2, "last_sign_in_at" = $3, "current_sign_in_ip" = $4, "last_sign_in_ip" = $5, "updated_at" = $6 WHERE "users"."id" = $7[0m  [["sign_in_count", 1], ["current_sign_in_at", "2017-10-18 14:32:23.828661"], ["last_sign_in_at", "2017-10-18 14:32:23.828661"], ["current_sign_in_ip", "127.0.0.1"], ["last_sign_in_ip", "127.0.0.1"], ["updated_at", "2017-10-18 14:32:23.844452"], ["id", 1]]
  [1m[35m (2.3ms)[0m  [1m[35mCOMMIT[0m
  [1m[35m (0.4ms)[0m  [1m[35mBEGIN[0m
  [1m[36mUser Load (2.8ms)[0m  [1m[37mSELECT  "users".* FROM "users" WHERE "users"."id" = $1 LIMIT $2 FOR UPDATE[0m  [["id", 1], ["LIMIT", 1]]
  [1m[35mSQL (1.5ms)[0m  [1m[33mUPDATE "users" SET "tokens" = $1, "updated_at" = $2 WHERE "users"."id" = $3[0m  [["tokens", "{\"Nwyp4MsGGumt9exyvkc0IA\":{\"token\":\"$2a$10$oJUulgYlY8buz1oazbehEuvEc4uaa2IS54El6N7A2MlBTQEFERrjO\",\"expiry\":1509546744,\"last_token\":\"$2a$10$..NsnjlCHz.aF9KAJ5PuAO7XeYykvW51ALlCizT7MOpepPUaoTSIi\",\"updated_at\":\"2017-10-18T09:32:24.221-05:00\"}}"], ["updated_at", "2017-10-18 14:32:24.223970"], ["id", 1]]
  [1m[35m (3.3ms)[0m  [1m[35mCOMMIT[0m
Completed 200 OK in 2054ms (Views: 1.3ms | ActiveRecord: 79.7ms)


Started GET "/auth/validate_token" for 127.0.0.1 at 2017-10-18 09:38:36 -0500
Processing by DeviseTokenAuth::TokenValidationsController#validate_token as JSON
  Parameters: {"token_validation"=>{}}
  [1m[36mUser Load (1.7ms)[0m  [1m[34mSELECT  "users".* FROM "users" WHERE "users"."uid" = $1 LIMIT $2[0m  [["uid", "test@test.com"], ["LIMIT", 1]]
  [1m[35m (0.4ms)[0m  [1m[35mBEGIN[0m
  [1m[36mUser Load (3.1ms)[0m  [1m[37mSELECT  "users".* FROM "users" WHERE "users"."id" = $1 LIMIT $2 FOR UPDATE[0m  [["id", 1], ["LIMIT", 1]]
  [1m[35mSQL (1.6ms)[0m  [1m[33mUPDATE "users" SET "tokens" = $1, "updated_at" = $2 WHERE "users"."id" = $3[0m  [["tokens", "{\"Nwyp4MsGGumt9exyvkc0IA\":{\"token\":\"$2a$10$B4UM3LNtmqiqwkroSyyAy.w96It7V5a6oVRHgSx4k7BqOI6LZz9Lu\",\"expiry\":1509547118,\"last_token\":\"$2a$10$oJUulgYlY8buz1oazbehEuvEc4uaa2IS54El6N7A2MlBTQEFERrjO\",\"updated_at\":\"2017-10-18T09:38:38.753-05:00\"}}"], ["updated_at", "2017-10-18 14:38:38.756299"], ["id", 1]]
  [1m[35m (2.4ms)[0m  [1m[35mCOMMIT[0m
Completed 200 OK in 2071ms (Views: 2.0ms | ActiveRecord: 10.1ms)


Started POST "/auth/sign_in" for 127.0.0.1 at 2017-10-18 14:35:09 -0500
  [1m[35m (73.0ms)[0m  [1m[34mSELECT "schema_migrations"."version" FROM "schema_migrations" ORDER BY "schema_migrations"."version" ASC[0m
Processing by DeviseTokenAuth::SessionsController#create as JSON
  Parameters: {"email"=>"test@test.com", "password"=>"[FILTERED]", "session"=>{"email"=>"test@test.com", "password"=>"[FILTERED]"}}
Unpermitted parameter: :session
Unpermitted parameter: :session
  [1m[36mUser Load (27.2ms)[0m  [1m[34mSELECT  "users".* FROM "users" WHERE (email = 'test@test.com' AND provider='email') ORDER BY "users"."id" ASC LIMIT $1[0m  [["LIMIT", 1]]
Unpermitted parameter: :session
Unpermitted parameter: :session
  [1m[35m (2.5ms)[0m  [1m[35mBEGIN[0m
  [1m[35mSQL (27.8ms)[0m  [1m[33mUPDATE "users" SET "tokens" = $1, "updated_at" = $2 WHERE "users"."id" = $3[0m  [["tokens", "{\"Nwyp4MsGGumt9exyvkc0IA\":{\"token\":\"$2a$10$B4UM3LNtmqiqwkroSyyAy.w96It7V5a6oVRHgSx4k7BqOI6LZz9Lu\",\"expiry\":1509547118,\"last_token\":\"$2a$10$oJUulgYlY8buz1oazbehEuvEc4uaa2IS54El6N7A2MlBTQEFERrjO\",\"updated_at\":\"2017-10-18T09:38:38.753-05:00\"},\"EbR18t8yE5dMFIQ6Wui3_A\":{\"token\":\"$2a$10$2VHrDtHvBuQeoN4G/8.6reUM74duIeFMjbbFiZ2w1VU50Q0q4UMq6\",\"expiry\":1509564913}}"], ["updated_at", "2017-10-18 19:35:13.428523"], ["id", 1]]
  [1m[35m (3.0ms)[0m  [1m[35mCOMMIT[0m
  [1m[35m (0.4ms)[0m  [1m[35mBEGIN[0m
  [1m[35mSQL (1.8ms)[0m  [1m[33mUPDATE "users" SET "sign_in_count" = $1, "current_sign_in_at" = $2, "updated_at" = $3 WHERE "users"."id" = $4[0m  [["sign_in_count", 2], ["current_sign_in_at", "2017-10-18 19:35:13.524474"], ["updated_at", "2017-10-18 19:35:13.528504"], ["id", 1]]
  [1m[35m (3.2ms)[0m  [1m[35mCOMMIT[0m
  [1m[35m (0.5ms)[0m  [1m[35mBEGIN[0m
  [1m[36mUser Load (3.4ms)[0m  [1m[37mSELECT  "users".* FROM "users" WHERE "users"."id" = $1 LIMIT $2 FOR UPDATE[0m  [["id", 1], ["LIMIT", 1]]
Started POST "/auth/sign_in" for 127.0.0.1 at 2017-10-18 14:35:14 -0500
Processing by DeviseTokenAuth::SessionsController#create as JSON
  Parameters: {"email"=>"test@test.com", "password"=>"[FILTERED]", "session"=>{"email"=>"test@test.com", "password"=>"[FILTERED]"}}
Unpermitted parameter: :session
Unpermitted parameter: :session
  [1m[35mSQL (25.1ms)[0m  [1m[33mUPDATE "users" SET "tokens" = $1, "updated_at" = $2 WHERE "users"."id" = $3[0m  [["tokens", "{\"Nwyp4MsGGumt9exyvkc0IA\":{\"token\":\"$2a$10$B4UM3LNtmqiqwkroSyyAy.w96It7V5a6oVRHgSx4k7BqOI6LZz9Lu\",\"expiry\":1509547118,\"last_token\":\"$2a$10$oJUulgYlY8buz1oazbehEuvEc4uaa2IS54El6N7A2MlBTQEFERrjO\",\"updated_at\":\"2017-10-18T09:38:38.753-05:00\"},\"EbR18t8yE5dMFIQ6Wui3_A\":{\"token\":\"$2a$10$ZJYdLRpy3m1yWLU64/vtsek60scsnEJBwtrwnQHa86GIo6YiXfAJK\",\"expiry\":1509564914,\"last_token\":\"$2a$10$2VHrDtHvBuQeoN4G/8.6reUM74duIeFMjbbFiZ2w1VU50Q0q4UMq6\",\"updated_at\":\"2017-10-18T14:35:14.526-05:00\"}}"], ["updated_at", "2017-10-18 19:35:14.530984"], ["id", 1]]
  [1m[35m (13.2ms)[0m  [1m[35mCOMMIT[0m
Completed 200 OK in 3143ms (Views: 14.1ms | ActiveRecord: 156.1ms)


  [1m[36mUser Load (29.6ms)[0m  [1m[34mSELECT  "users".* FROM "users" WHERE (email = 'test@test.com' AND provider='email') ORDER BY "users"."id" ASC LIMIT $1[0m  [["LIMIT", 1]]
Unpermitted parameter: :session
Unpermitted parameter: :session
  [1m[35m (0.5ms)[0m  [1m[35mBEGIN[0m
  [1m[35mSQL (2.3ms)[0m  [1m[33mUPDATE "users" SET "tokens" = $1, "updated_at" = $2 WHERE "users"."id" = $3[0m  [["tokens", "{\"Nwyp4MsGGumt9exyvkc0IA\":{\"token\":\"$2a$10$B4UM3LNtmqiqwkroSyyAy.w96It7V5a6oVRHgSx4k7BqOI6LZz9Lu\",\"expiry\":1509547118,\"last_token\":\"$2a$10$oJUulgYlY8buz1oazbehEuvEc4uaa2IS54El6N7A2MlBTQEFERrjO\",\"updated_at\":\"2017-10-18T09:38:38.753-05:00\"},\"EbR18t8yE5dMFIQ6Wui3_A\":{\"token\":\"$2a$10$ZJYdLRpy3m1yWLU64/vtsek60scsnEJBwtrwnQHa86GIo6YiXfAJK\",\"expiry\":1509564914,\"last_token\":\"$2a$10$2VHrDtHvBuQeoN4G/8.6reUM74duIeFMjbbFiZ2w1VU50Q0q4UMq6\",\"updated_at\":\"2017-10-18T14:35:14.526-05:00\"},\"1OzPJm1WpvRSPB7S5yJfqQ\":{\"token\":\"$2a$10$VE0cj06LcrTVvSIajz6kmO5BgmBGT4tztPWL2JDN4CRjPPZdxMtBW\",\"expiry\":1509564915}}"], ["updated_at", "2017-10-18 19:35:15.993275"], ["id", 1]]
  [1m[35m (1.3ms)[0m  [1m[35mCOMMIT[0m
  [1m[35m (0.4ms)[0m  [1m[35mBEGIN[0m
  [1m[35mSQL (1.7ms)[0m  [1m[33mUPDATE "users" SET "sign_in_count" = $1, "current_sign_in_at" = $2, "last_sign_in_at" = $3, "updated_at" = $4 WHERE "users"."id" = $5[0m  [["sign_in_count", 3], ["current_sign_in_at", "2017-10-18 19:35:16.019038"], ["last_sign_in_at", "2017-10-18 19:35:13.524474"], ["updated_at", "2017-10-18 19:35:16.021426"], ["id", 1]]
  [1m[35m (0.9ms)[0m  [1m[35mCOMMIT[0m
  [1m[35m (0.4ms)[0m  [1m[35mBEGIN[0m
  [1m[36mUser Load (14.4ms)[0m  [1m[37mSELECT  "users".* FROM "users" WHERE "users"."id" = $1 LIMIT $2 FOR UPDATE[0m  [["id", 1], ["LIMIT", 1]]
  [1m[35mSQL (14.9ms)[0m  [1m[33mUPDATE "users" SET "tokens" = $1, "updated_at" = $2 WHERE "users"."id" = $3[0m  [["tokens", "{\"Nwyp4MsGGumt9exyvkc0IA\":{\"token\":\"$2a$10$B4UM3LNtmqiqwkroSyyAy.w96It7V5a6oVRHgSx4k7BqOI6LZz9Lu\",\"expiry\":1509547118,\"last_token\":\"$2a$10$oJUulgYlY8buz1oazbehEuvEc4uaa2IS54El6N7A2MlBTQEFERrjO\",\"updated_at\":\"2017-10-18T09:38:38.753-05:00\"},\"EbR18t8yE5dMFIQ6Wui3_A\":{\"token\":\"$2a$10$ZJYdLRpy3m1yWLU64/vtsek60scsnEJBwtrwnQHa86GIo6YiXfAJK\",\"expiry\":1509564914,\"last_token\":\"$2a$10$2VHrDtHvBuQeoN4G/8.6reUM74duIeFMjbbFiZ2w1VU50Q0q4UMq6\",\"updated_at\":\"2017-10-18T14:35:14.526-05:00\"},\"1OzPJm1WpvRSPB7S5yJfqQ\":{\"token\":\"$2a$10$mtCDunhD55vxrPsyVT4LCO5s9M7l0T9HvQLAs/ikSK9O4EYaUN4lS\",\"expiry\":1509564916,\"last_token\":\"$2a$10$VE0cj06LcrTVvSIajz6kmO5BgmBGT4tztPWL2JDN4CRjPPZdxMtBW\",\"updated_at\":\"2017-10-18T14:35:16.589-05:00\"}}"], ["updated_at", "2017-10-18 19:35:16.593053"], ["id", 1]]
  [1m[35m (0.9ms)[0m  [1m[35mCOMMIT[0m
Completed 200 OK in 2075ms (Views: 0.8ms | ActiveRecord: 223.1ms)


Started DELETE "/auth/sign_out" for 127.0.0.1 at 2017-10-18 14:36:15 -0500
Processing by DeviseTokenAuth::SessionsController#destroy as JSON
  Parameters: {"session"=>{}}
  [1m[36mUser Load (2.4ms)[0m  [1m[34mSELECT  "users".* FROM "users" WHERE "users"."uid" = $1 LIMIT $2[0m  [["uid", "test@test.com"], ["LIMIT", 1]]
  [1m[35m (0.5ms)[0m  [1m[35mBEGIN[0m
  [1m[35mSQL (2.0ms)[0m  [1m[33mUPDATE "users" SET "tokens" = $1, "updated_at" = $2 WHERE "users"."id" = $3[0m  [["tokens", "{\"Nwyp4MsGGumt9exyvkc0IA\":{\"token\":\"$2a$10$B4UM3LNtmqiqwkroSyyAy.w96It7V5a6oVRHgSx4k7BqOI6LZz9Lu\",\"expiry\":1509547118,\"last_token\":\"$2a$10$oJUulgYlY8buz1oazbehEuvEc4uaa2IS54El6N7A2MlBTQEFERrjO\",\"updated_at\":\"2017-10-18T09:38:38.753-05:00\"},\"EbR18t8yE5dMFIQ6Wui3_A\":{\"token\":\"$2a$10$ZJYdLRpy3m1yWLU64/vtsek60scsnEJBwtrwnQHa86GIo6YiXfAJK\",\"expiry\":1509564914,\"last_token\":\"$2a$10$2VHrDtHvBuQeoN4G/8.6reUM74duIeFMjbbFiZ2w1VU50Q0q4UMq6\",\"updated_at\":\"2017-10-18T14:35:14.526-05:00\"}}"], ["updated_at", "2017-10-18 19:36:16.937626"], ["id", 1]]
  [1m[35m (2.3ms)[0m  [1m[35mCOMMIT[0m
Completed 200 OK in 1738ms (Views: 0.6ms | ActiveRecord: 8.7ms)


Started GET "/auth/validate_token" for 127.0.0.1 at 2017-10-18 14:47:10 -0500
Processing by DeviseTokenAuth::TokenValidationsController#validate_token as JSON
  Parameters: {"token_validation"=>{}}
Completed 401 Unauthorized in 384ms (Views: 0.7ms | ActiveRecord: 0.0ms)


Started GET "/auth/validate_token" for 127.0.0.1 at 2017-10-18 14:49:25 -0500
Processing by DeviseTokenAuth::TokenValidationsController#validate_token as JSON
  Parameters: {"token_validation"=>{}}
Completed 401 Unauthorized in 2ms (Views: 0.6ms | ActiveRecord: 0.0ms)


Started GET "/auth/validate_token" for 127.0.0.1 at 2017-10-18 14:51:10 -0500
Processing by DeviseTokenAuth::TokenValidationsController#validate_token as JSON
  Parameters: {"token_validation"=>{}}
Completed 401 Unauthorized in 2ms (Views: 0.6ms | ActiveRecord: 0.0ms)


Started GET "/auth/validate_token" for 127.0.0.1 at 2017-10-18 14:52:01 -0500
Processing by DeviseTokenAuth::TokenValidationsController#validate_token as JSON
  Parameters: {"token_validation"=>{}}
Completed 401 Unauthorized in 2ms (Views: 0.9ms | ActiveRecord: 0.0ms)


Started GET "/auth/validate_token" for 127.0.0.1 at 2017-10-18 14:54:32 -0500
Processing by DeviseTokenAuth::TokenValidationsController#validate_token as JSON
  Parameters: {"token_validation"=>{}}
Completed 401 Unauthorized in 2ms (Views: 0.6ms | ActiveRecord: 0.0ms)


Started GET "/auth/validate_token" for 127.0.0.1 at 2017-10-18 14:54:54 -0500
Processing by DeviseTokenAuth::TokenValidationsController#validate_token as JSON
  Parameters: {"token_validation"=>{}}
Completed 401 Unauthorized in 2ms (Views: 0.6ms | ActiveRecord: 0.0ms)


Started GET "/auth/validate_token" for 127.0.0.1 at 2017-10-18 14:56:55 -0500
Processing by DeviseTokenAuth::TokenValidationsController#validate_token as JSON
  Parameters: {"token_validation"=>{}}
Completed 401 Unauthorized in 16ms (Views: 14.2ms | ActiveRecord: 0.0ms)


Started GET "/auth/validate_token" for 127.0.0.1 at 2017-10-18 14:59:27 -0500
Processing by DeviseTokenAuth::TokenValidationsController#validate_token as JSON
  Parameters: {"token_validation"=>{}}
Completed 401 Unauthorized in 2ms (Views: 0.6ms | ActiveRecord: 0.0ms)


Started GET "/auth/validate_token" for 127.0.0.1 at 2017-10-18 14:59:47 -0500
Processing by DeviseTokenAuth::TokenValidationsController#validate_token as JSON
  Parameters: {"token_validation"=>{}}
Completed 401 Unauthorized in 3ms (Views: 0.9ms | ActiveRecord: 0.0ms)


Started GET "/auth/validate_token" for 127.0.0.1 at 2017-10-18 15:00:55 -0500
Processing by DeviseTokenAuth::TokenValidationsController#validate_token as JSON
  Parameters: {"token_validation"=>{}}
Completed 401 Unauthorized in 2ms (Views: 0.8ms | ActiveRecord: 0.0ms)


Started GET "/auth/validate_token" for 127.0.0.1 at 2017-10-18 15:02:09 -0500
Processing by DeviseTokenAuth::TokenValidationsController#validate_token as JSON
  Parameters: {"token_validation"=>{}}
Completed 401 Unauthorized in 2ms (Views: 0.9ms | ActiveRecord: 0.0ms)


Started GET "/auth/validate_token" for 127.0.0.1 at 2017-10-18 15:03:58 -0500
Processing by DeviseTokenAuth::TokenValidationsController#validate_token as JSON
  Parameters: {"token_validation"=>{}}
Completed 401 Unauthorized in 2ms (Views: 0.6ms | ActiveRecord: 0.0ms)


Started GET "/auth/validate_token" for 127.0.0.1 at 2017-10-18 15:04:17 -0500
Processing by DeviseTokenAuth::TokenValidationsController#validate_token as JSON
  Parameters: {"token_validation"=>{}}
Completed 401 Unauthorized in 2ms (Views: 0.8ms | ActiveRecord: 0.0ms)


Started POST "/auth/sign_in" for 127.0.0.1 at 2017-10-18 15:04:32 -0500
Processing by DeviseTokenAuth::SessionsController#create as JSON
  Parameters: {"email"=>"test@test.com", "password"=>"[FILTERED]", "session"=>{"email"=>"test@test.com", "password"=>"[FILTERED]"}}
Unpermitted parameter: :session
Unpermitted parameter: :session
  [1m[36mUser Load (2.5ms)[0m  [1m[34mSELECT  "users".* FROM "users" WHERE (email = 'test@test.com' AND provider='email') ORDER BY "users"."id" ASC LIMIT $1[0m  [["LIMIT", 1]]
Unpermitted parameter: :session
Unpermitted parameter: :session
  [1m[35m (0.5ms)[0m  [1m[35mBEGIN[0m
  [1m[35mSQL (2.0ms)[0m  [1m[33mUPDATE "users" SET "tokens" = $1, "updated_at" = $2 WHERE "users"."id" = $3[0m  [["tokens", "{\"Nwyp4MsGGumt9exyvkc0IA\":{\"token\":\"$2a$10$B4UM3LNtmqiqwkroSyyAy.w96It7V5a6oVRHgSx4k7BqOI6LZz9Lu\",\"expiry\":1509547118,\"last_token\":\"$2a$10$oJUulgYlY8buz1oazbehEuvEc4uaa2IS54El6N7A2MlBTQEFERrjO\",\"updated_at\":\"2017-10-18T09:38:38.753-05:00\"},\"EbR18t8yE5dMFIQ6Wui3_A\":{\"token\":\"$2a$10$ZJYdLRpy3m1yWLU64/vtsek60scsnEJBwtrwnQHa86GIo6YiXfAJK\",\"expiry\":1509564914,\"last_token\":\"$2a$10$2VHrDtHvBuQeoN4G/8.6reUM74duIeFMjbbFiZ2w1VU50Q0q4UMq6\",\"updated_at\":\"2017-10-18T14:35:14.526-05:00\"},\"QkO8jkIRBjMJ6NMTiv7x3w\":{\"token\":\"$2a$10$5dcFkwi7d.cAd7JZKNEtuurNLHpPgd1D/xpRbT9Ckicu5Iko.9gH6\",\"expiry\":1509566674}}"], ["updated_at", "2017-10-18 20:04:34.108241"], ["id", 1]]
  [1m[35m (17.3ms)[0m  [1m[35mCOMMIT[0m
  [1m[35m (0.7ms)[0m  [1m[35mBEGIN[0m
  [1m[35mSQL (14.6ms)[0m  [1m[33mUPDATE "users" SET "sign_in_count" = $1, "current_sign_in_at" = $2, "last_sign_in_at" = $3, "updated_at" = $4 WHERE "users"."id" = $5[0m  [["sign_in_count", 4], ["current_sign_in_at", "2017-10-18 20:04:34.157024"], ["last_sign_in_at", "2017-10-18 19:35:16.019038"], ["updated_at", "2017-10-18 20:04:34.160550"], ["id", 1]]
  [1m[35m (0.9ms)[0m  [1m[35mCOMMIT[0m
  [1m[35m (0.5ms)[0m  [1m[35mBEGIN[0m
  [1m[36mUser Load (3.6ms)[0m  [1m[37mSELECT  "users".* FROM "users" WHERE "users"."id" = $1 LIMIT $2 FOR UPDATE[0m  [["id", 1], ["LIMIT", 1]]
  [1m[35mSQL (7.5ms)[0m  [1m[33mUPDATE "users" SET "tokens" = $1, "updated_at" = $2 WHERE "users"."id" = $3[0m  [["tokens", "{\"Nwyp4MsGGumt9exyvkc0IA\":{\"token\":\"$2a$10$B4UM3LNtmqiqwkroSyyAy.w96It7V5a6oVRHgSx4k7BqOI6LZz9Lu\",\"expiry\":1509547118,\"last_token\":\"$2a$10$oJUulgYlY8buz1oazbehEuvEc4uaa2IS54El6N7A2MlBTQEFERrjO\",\"updated_at\":\"2017-10-18T09:38:38.753-05:00\"},\"EbR18t8yE5dMFIQ6Wui3_A\":{\"token\":\"$2a$10$ZJYdLRpy3m1yWLU64/vtsek60scsnEJBwtrwnQHa86GIo6YiXfAJK\",\"expiry\":1509564914,\"last_token\":\"$2a$10$2VHrDtHvBuQeoN4G/8.6reUM74duIeFMjbbFiZ2w1VU50Q0q4UMq6\",\"updated_at\":\"2017-10-18T14:35:14.526-05:00\"},\"QkO8jkIRBjMJ6NMTiv7x3w\":{\"token\":\"$2a$10$xeqDXVWndWPr6p/CIxVeKOKdVA7M1gDSDC8/9tnsAh1h2TrOeWaga\",\"expiry\":1509566674,\"last_token\":\"$2a$10$5dcFkwi7d.cAd7JZKNEtuurNLHpPgd1D/xpRbT9Ckicu5Iko.9gH6\",\"updated_at\":\"2017-10-18T15:04:34.733-05:00\"}}"], ["updated_at", "2017-10-18 20:04:34.737486"], ["id", 1]]
  [1m[35m (2.9ms)[0m  [1m[35mCOMMIT[0m
Completed 200 OK in 2543ms (Views: 1.5ms | ActiveRecord: 52.9ms)


Started DELETE "/auth/sign_out" for 127.0.0.1 at 2017-10-18 15:04:53 -0500
Processing by DeviseTokenAuth::SessionsController#destroy as JSON
  Parameters: {"session"=>{}}
  [1m[36mUser Load (1.5ms)[0m  [1m[34mSELECT  "users".* FROM "users" WHERE "users"."uid" = $1 LIMIT $2[0m  [["uid", "test@test.com"], ["LIMIT", 1]]
  [1m[35m (0.4ms)[0m  [1m[35mBEGIN[0m
  [1m[35mSQL (2.5ms)[0m  [1m[33mUPDATE "users" SET "tokens" = $1, "updated_at" = $2 WHERE "users"."id" = $3[0m  [["tokens", "{\"Nwyp4MsGGumt9exyvkc0IA\":{\"token\":\"$2a$10$B4UM3LNtmqiqwkroSyyAy.w96It7V5a6oVRHgSx4k7BqOI6LZz9Lu\",\"expiry\":1509547118,\"last_token\":\"$2a$10$oJUulgYlY8buz1oazbehEuvEc4uaa2IS54El6N7A2MlBTQEFERrjO\",\"updated_at\":\"2017-10-18T09:38:38.753-05:00\"},\"EbR18t8yE5dMFIQ6Wui3_A\":{\"token\":\"$2a$10$ZJYdLRpy3m1yWLU64/vtsek60scsnEJBwtrwnQHa86GIo6YiXfAJK\",\"expiry\":1509564914,\"last_token\":\"$2a$10$2VHrDtHvBuQeoN4G/8.6reUM74duIeFMjbbFiZ2w1VU50Q0q4UMq6\",\"updated_at\":\"2017-10-18T14:35:14.526-05:00\"}}"], ["updated_at", "2017-10-18 20:04:54.048462"], ["id", 1]]
  [1m[35m (2.4ms)[0m  [1m[35mCOMMIT[0m
Completed 200 OK in 860ms (Views: 0.5ms | ActiveRecord: 6.9ms)


Started GET "/auth/validate_token" for 127.0.0.1 at 2017-10-18 16:08:54 -0500
Processing by DeviseTokenAuth::TokenValidationsController#validate_token as JSON
  Parameters: {"token_validation"=>{}}
Completed 401 Unauthorized in 2ms (Views: 1.1ms | ActiveRecord: 0.0ms)


Started GET "/auth/validate_token" for 127.0.0.1 at 2017-10-18 16:14:08 -0500
Processing by DeviseTokenAuth::TokenValidationsController#validate_token as JSON
  Parameters: {"token_validation"=>{}}
Completed 401 Unauthorized in 12ms (Views: 7.9ms | ActiveRecord: 0.0ms)


  [1m[35m (0.8ms)[0m  [1m[34mSELECT pg_try_advisory_lock(6005360597699066835)[0m
  [1m[35m (4.5ms)[0m  [1m[34mSELECT "schema_migrations"."version" FROM "schema_migrations" ORDER BY "schema_migrations"."version" ASC[0m
Migrating to CreateBookmarks (20171019172949)
  [1m[35m (0.3ms)[0m  [1m[35mBEGIN[0m
  [1m[35m (66.9ms)[0m  [1m[35mCREATE TABLE "bookmarks" ("id" bigserial primary key, "name" character varying, "url" character varying, "reading_list" boolean, "user_id" bigint, "created_at" timestamp NOT NULL, "updated_at" timestamp NOT NULL, CONSTRAINT "fk_rails_c1ff6fa4ac"
FOREIGN KEY ("user_id")
  REFERENCES "users" ("id")
)[0m
  [1m[35m (3.9ms)[0m  [1m[35mCREATE  INDEX  "index_bookmarks_on_user_id" ON "bookmarks"  ("user_id")[0m
  [1m[35mSQL (1.8ms)[0m  [1m[32mINSERT INTO "schema_migrations" ("version") VALUES ($1) RETURNING "version"[0m  [["version", "20171019172949"]]
  [1m[35m (2.0ms)[0m  [1m[35mCOMMIT[0m
  [1m[36mActiveRecord::InternalMetadata Load (2.7ms)[0m  [1m[34mSELECT  "ar_internal_metadata".* FROM "ar_internal_metadata" WHERE "ar_internal_metadata"."key" = $1 LIMIT $2[0m  [["key", "environment"], ["LIMIT", 1]]
  [1m[35m (0.3ms)[0m  [1m[35mBEGIN[0m
  [1m[35m (0.5ms)[0m  [1m[35mCOMMIT[0m
  [1m[35m (0.7ms)[0m  [1m[34mSELECT pg_advisory_unlock(6005360597699066835)[0m
  [1m[35m (0.8ms)[0m  [1m[34mSELECT "schema_migrations"."version" FROM "schema_migrations" ORDER BY "schema_migrations"."version" ASC[0m
  [1m[36mUser Load (1.4ms)[0m  [1m[34mSELECT  "users".* FROM "users" LIMIT $1[0m  [["LIMIT", 11]]
  [1m[36mUser Load (0.8ms)[0m  [1m[34mSELECT  "users".* FROM "users" ORDER BY "users"."id" ASC LIMIT $1[0m  [["LIMIT", 1]]
  [1m[36mBookmark Load (1.5ms)[0m  [1m[34mSELECT  "bookmarks".* FROM "bookmarks" WHERE "bookmarks"."user_id" = $1 LIMIT $2[0m  [["user_id", 1], ["LIMIT", 11]]
  [1m[36mBookmark Load (1.0ms)[0m  [1m[34mSELECT "bookmarks".* FROM "bookmarks" WHERE "bookmarks"."user_id" = $1[0m  [["user_id", 1]]
  [1m[35mSQL (1.2ms)[0m  [1m[33mUPDATE "bookmarks" SET "user_id" = NULL WHERE "bookmarks"."user_id" = $1[0m  [["user_id", 1]]
  [1m[36mBookmark Load (0.7ms)[0m  [1m[34mSELECT  "bookmarks".* FROM "bookmarks" LIMIT $1[0m  [["LIMIT", 11]]
  [1m[35m (0.6ms)[0m  [1m[35mBEGIN[0m
  [1m[35mSQL (5.1ms)[0m  [1m[32mINSERT INTO "bookmarks" ("name", "url", "reading_list", "user_id", "created_at", "updated_at") VALUES ($1, $2, $3, $4, $5, $6) RETURNING "id"[0m  [["name", "test"], ["url", "test.com"], ["reading_list", "f"], ["user_id", 1], ["created_at", "2017-10-19 17:39:29.492027"], ["updated_at", "2017-10-19 17:39:29.492027"]]
  [1m[35m (0.8ms)[0m  [1m[35mCOMMIT[0m
  [1m[36mBookmark Load (3.4ms)[0m  [1m[34mSELECT  "bookmarks".* FROM "bookmarks" LIMIT $1[0m  [["LIMIT", 11]]
